# JRE version: Java(TM) SE Runtime Environment (8.0_162-b12) (build 1.8.0_162-b12)
# Java VM: Java HotSpot(TM) 64-Bit Server VM (25.162-b12 mixed mode windows-amd64 compressed oops)
Heap:
 PSYoungGen      total 228352K, used 1536K [0x00000000d5f80000, 0x00000000e6280000, 0x0000000100000000)
  eden space 208896K, 0% used [0x00000000d5f80000,0x00000000d5f80000,0x00000000e2b80000)
  from space 19456K, 7% used [0x00000000e4f80000,0x00000000e5100000,0x00000000e6280000)
  to   space 28160K, 0% used [0x00000000e2b80000,0x00000000e2b80000,0x00000000e4700000)
 ParOldGen       total 106496K, used 53928K [0x0000000081e00000, 0x0000000088600000, 0x00000000d5f80000)
  object space 106496K, 50% used [0x0000000081e00000,0x00000000852aa160,0x0000000088600000)
 Metaspace       used 57827K, capacity 59025K, committed 59096K, reserved 1099776K
  class space    used 7610K, capacity 7865K, committed 7936K, reserved 1048576K
GC Heap History (10 events):
Event: 6602.425 GC heap after
Heap after GC invocations=20 (full 2):
 PSYoungGen      total 258560K, used 15664K [0x00000000d5f80000, 0x00000000e8700000, 0x0000000100000000)
  eden space 242688K, 0% used [0x00000000d5f80000,0x00000000d5f80000,0x00000000e4c80000)
  from space 15872K, 98% used [0x00000000e7780000,0x00000000e86cc040,0x00000000e8700000)
  to   space 25088K, 0% used [0x00000000e5600000,0x00000000e5600000,0x00000000e6e80000)
 ParOldGen       total 106496K, used 37463K [0x0000000081e00000, 0x0000000088600000, 0x00000000d5f80000)
  object space 106496K, 35% used [0x0000000081e00000,0x0000000084295e18,0x0000000088600000)
 Metaspace       used 53864K, capacity 54768K, committed 54912K, reserved 1097728K
  class space    used 7081K, capacity 7286K, committed 7296K, reserved 1048576K
}
Event: 7353.878 GC heap before
{Heap before GC invocations=21 (full 2):
 PSYoungGen      total 258560K, used 258352K [0x00000000d5f80000, 0x00000000e8700000, 0x0000000100000000)
  eden space 242688K, 100% used [0x00000000d5f80000,0x00000000e4c80000,0x00000000e4c80000)
  from space 15872K, 98% used [0x00000000e7780000,0x00000000e86cc040,0x00000000e8700000)
  to   space 25088K, 0% used [0x00000000e5600000,0x00000000e5600000,0x00000000e6e80000)
 ParOldGen       total 106496K, used 37463K [0x0000000081e00000, 0x0000000088600000, 0x00000000d5f80000)
  object space 106496K, 35% used [0x0000000081e00000,0x0000000084295e18,0x0000000088600000)
 Metaspace       used 57174K, capacity 58072K, committed 58240K, reserved 1099776K
  class space    used 7515K, capacity 7714K, committed 7808K, reserved 1048576K
Event: 7353.910 GC heap after
Heap after GC invocations=21 (full 2):
 PSYoungGen      total 253952K, used 20047K [0x00000000d5f80000, 0x00000000e7800000, 0x0000000100000000)
  eden space 233472K, 0% used [0x00000000d5f80000,0x00000000d5f80000,0x00000000e4380000)
  from space 20480K, 97% used [0x00000000e5600000,0x00000000e6993d98,0x00000000e6a00000)
  to   space 14336K, 0% used [0x00000000e6a00000,0x00000000e6a00000,0x00000000e7800000)
 ParOldGen       total 106496K, used 37471K [0x0000000081e00000, 0x0000000088600000, 0x00000000d5f80000)
  object space 106496K, 35% used [0x0000000081e00000,0x0000000084297e18,0x0000000088600000)
 Metaspace       used 57174K, capacity 58072K, committed 58240K, reserved 1099776K
  class space    used 7515K, capacity 7714K, committed 7808K, reserved 1048576K
}
Event: 8215.501 GC heap before
{Heap before GC invocations=22 (full 2):
 PSYoungGen      total 253952K, used 253519K [0x00000000d5f80000, 0x00000000e7800000, 0x0000000100000000)
  eden space 233472K, 100% used [0x00000000d5f80000,0x00000000e4380000,0x00000000e4380000)
  from space 20480K, 97% used [0x00000000e5600000,0x00000000e6993d98,0x00000000e6a00000)
  to   space 14336K, 0% used [0x00000000e6a00000,0x00000000e6a00000,0x00000000e7800000)
 ParOldGen       total 106496K, used 37471K [0x0000000081e00000, 0x0000000088600000, 0x00000000d5f80000)
  object space 106496K, 35% used [0x0000000081e00000,0x0000000084297e18,0x0000000088600000)
 Metaspace       used 57555K, capacity 58526K, committed 58752K, reserved 1099776K
  class space    used 7566K, capacity 7765K, committed 7808K, reserved 1048576K
Event: 8215.540 GC heap after
Heap after GC invocations=22 (full 2):
 PSYoungGen      total 239104K, used 14304K [0x00000000d5f80000, 0x00000000e7800000, 0x0000000100000000)
  eden space 224768K, 0% used [0x00000000d5f80000,0x00000000d5f80000,0x00000000e3b00000)
  from space 14336K, 99% used [0x00000000e6a00000,0x00000000e77f8020,0x00000000e7800000)
  to   space 26112K, 0% used [0x00000000e4500000,0x00000000e4500000,0x00000000e5e80000)
 ParOldGen       total 106496K, used 40688K [0x0000000081e00000, 0x0000000088600000, 0x00000000d5f80000)
  object space 106496K, 38% used [0x0000000081e00000,0x00000000845bc3a8,0x0000000088600000)
 Metaspace       used 57555K, capacity 58526K, committed 58752K, reserved 1099776K
  class space    used 7566K, capacity 7765K, committed 7808K, reserved 1048576K
}
Event: 9098.925 GC heap before
{Heap before GC invocations=23 (full 2):
 PSYoungGen      total 239104K, used 239072K [0x00000000d5f80000, 0x00000000e7800000, 0x0000000100000000)
  eden space 224768K, 100% used [0x00000000d5f80000,0x00000000e3b00000,0x00000000e3b00000)
  from space 14336K, 99% used [0x00000000e6a00000,0x00000000e77f8020,0x00000000e7800000)
  to   space 26112K, 0% used [0x00000000e4500000,0x00000000e4500000,0x00000000e5e80000)
 ParOldGen       total 106496K, used 40688K [0x0000000081e00000, 0x0000000088600000, 0x00000000d5f80000)
  object space 106496K, 38% used [0x0000000081e00000,0x00000000845bc3a8,0x0000000088600000)
 Metaspace       used 57555K, capacity 58526K, committed 58752K, reserved 1099776K
  class space    used 7566K, capacity 7765K, committed 7808K, reserved 1048576K
Event: 9098.948 GC heap after
Heap after GC invocations=23 (full 2):
 PSYoungGen      total 218112K, used 1248K [0x00000000d5f80000, 0x00000000e6a80000, 0x0000000100000000)
  eden space 216576K, 0% used [0x00000000d5f80000,0x00000000d5f80000,0x00000000e3300000)
  from space 1536K, 81% used [0x00000000e4500000,0x00000000e4638000,0x00000000e4680000)
  to   space 27648K, 0% used [0x00000000e4f80000,0x00000000e4f80000,0x00000000e6a80000)
 ParOldGen       total 106496K, used 53920K [0x0000000081e00000, 0x0000000088600000, 0x00000000d5f80000)
  object space 106496K, 50% used [0x0000000081e00000,0x00000000852a8160,0x0000000088600000)
 Metaspace       used 57555K, capacity 58526K, committed 58752K, reserved 1099776K
  class space    used 7566K, capacity 7765K, committed 7808K, reserved 1048576K
}
Event: 9842.179 GC heap before
{Heap before GC invocations=24 (full 2):
 PSYoungGen      total 218112K, used 203332K [0x00000000d5f80000, 0x00000000e6a80000, 0x0000000100000000)
  eden space 216576K, 93% used [0x00000000d5f80000,0x00000000e24d9300,0x00000000e3300000)
  from space 1536K, 81% used [0x00000000e4500000,0x00000000e4638000,0x00000000e4680000)
  to   space 27648K, 0% used [0x00000000e4f80000,0x00000000e4f80000,0x00000000e6a80000)
 ParOldGen       total 106496K, used 53920K [0x0000000081e00000, 0x0000000088600000, 0x00000000d5f80000)
  object space 106496K, 50% used [0x0000000081e00000,0x00000000852a8160,0x0000000088600000)
 Metaspace       used 57827K, capacity 59025K, committed 59096K, reserved 1099776K
  class space    used 7610K, capacity 7865K, committed 7936K, reserved 1048576K
Event: 9842.184 GC heap after
Heap after GC invocations=24 (full 2):
 PSYoungGen      total 228352K, used 1536K [0x00000000d5f80000, 0x00000000e6280000, 0x0000000100000000)
  eden space 208896K, 0% used [0x00000000d5f80000,0x00000000d5f80000,0x00000000e2b80000)
  from space 19456K, 7% used [0x00000000e4f80000,0x00000000e5100000,0x00000000e6280000)
  to   space 28160K, 0% used [0x00000000e2b80000,0x00000000e2b80000,0x00000000e4700000)
 ParOldGen       total 106496K, used 53928K [0x0000000081e00000, 0x0000000088600000, 0x00000000d5f80000)
  object space 106496K, 50% used [0x0000000081e00000,0x00000000852aa160,0x0000000088600000)
 Metaspace       used 57827K, capacity 59025K, committed 59096K, reserved 1099776K
  class space    used 7610K, capacity 7865K, committed 7936K, reserved 1048576K
}
Event: 9842.184 GC heap before
{Heap before GC invocations=25 (full 3):
 PSYoungGen      total 228352K, used 1536K [0x00000000d5f80000, 0x00000000e6280000, 0x0000000100000000)
  eden space 208896K, 0% used [0x00000000d5f80000,0x00000000d5f80000,0x00000000e2b80000)
  from space 19456K, 7% used [0x00000000e4f80000,0x00000000e5100000,0x00000000e6280000)
  to   space 28160K, 0% used [0x00000000e2b80000,0x00000000e2b80000,0x00000000e4700000)
 ParOldGen       total 106496K, used 53928K [0x0000000081e00000, 0x0000000088600000, 0x00000000d5f80000)
  object space 106496K, 50% used [0x0000000081e00000,0x00000000852aa160,0x0000000088600000)
 Metaspace       used 57827K, capacity 59025K, committed 59096K, reserved 1099776K
  class space    used 7610K, capacity 7865K, committed 7936K, reserved 1048576K

